#
# There is insufficient memory for the Java Runtime Environment to continue.
# Native memory allocation (malloc) failed to allocate 1048576 bytes for AllocateHeap
# Possible reasons:
#   The system is out of physical RAM or swap space
#   The process is running with CompressedOops enabled, and the Java Heap may be blocking the growth of the native heap
# Possible solutions:
#   Reduce memory load on the system
#   Increase physical memory or swap space
#   Check if swap backing store is full
#   Decrease Java heap size (-Xmx/-Xms)
#   Decrease number of Java threads
#   Decrease Java thread stack sizes (-Xss)
#   Set larger code cache with -XX:ReservedCodeCacheSize=
#   JVM is running with Zero Based Compressed Oops mode in which the Java heap is
#     placed in the first 32GB address space. The Java Heap base address is the
#     maximum limit for the native heap growth. Please use -XX:HeapBaseMinAddress
#     to set the Java Heap base and to place the Java Heap above 32GB virtual address.
# This output file may be truncated or incomplete.
#
#  Out of Memory Error (./src/hotspot/share/memory/allocation.cpp:46), pid=5836, tid=15052
#
# JRE version: OpenJDK Runtime Environment Temurin-11.0.15+10 (11.0.15+10) (build 11.0.15+10)
# Java VM: OpenJDK 64-Bit Server VM Temurin-11.0.15+10 (11.0.15+10, mixed mode, tiered, compressed oops, g1 gc, windows-amd64)
# No core dump will be written. Minidumps are not enabled by default on client versions of Windows
#

---------------  S U M M A R Y ------------

Command Line: -XX:TieredStopAtLevel=1 -Xverify:none -Dspring.profiles.active=local -Dspring.output.ansi.enabled=always -Dcom.sun.management.jmxremote -Dspring.jmx.enabled=true -Dspring.liveBeansView.mbeanDomain -Dspring.application.admin.enabled=true -javaagent:C:\Program Files\JetBrains\IntelliJ IDEA 2022.1.3\lib\idea_rt.jar=59131:C:\Program Files\JetBrains\IntelliJ IDEA 2022.1.3\bin -Dfile.encoding=UTF-8 com.vncarca.VncarcaApplication

Host: Intel(R) Core(TM) i5-7200U CPU @ 2.50GHz, 4 cores, 15G,  Windows 10 , 64 bit Build 19041 (10.0.19041.1806)
Time: Sun Jul 17 00:09:01 2022 Hora est. Pacífico, Sudamérica elapsed time: 3.502338 seconds (0d 0h 0m 3s)

---------------  T H R E A D  ---------------

Current thread (0x000002687fbeb000):  VMThread "VM Thread" [stack: 0x0000006e94300000,0x0000006e94400000] [id=15052]

Stack: [0x0000006e94300000,0x0000006e94400000]
[error occurred during error reporting (printing stack bounds), id 0xc0000005, EXCEPTION_ACCESS_VIOLATION (0xc0000005) at pc=0x000002680000112d]

Native frames: (J=compiled Java code, j=interpreted, Vv=VM code, C=native code)
V  [jvm.dll+0x61e72a]
V  [jvm.dll+0x7aae49]
V  [jvm.dll+0x7ac538]
V  [jvm.dll+0x7acb75]
V  [jvm.dll+0x7acb2b]
V  [jvm.dll+0x61dab7]
V  [jvm.dll+0x61e1c8]
C  [ntdll.dll+0xa229f]
C  [ntdll.dll+0x51454]
C  [ntdll.dll+0xa0dce]
C  0x000002680000112d

VM_Operation (0x0000006e957fb8f0): CollectForMetadataAllocation, mode: safepoint, requested by thread 0x0000026814fca000


---------------  P R O C E S S  ---------------

Threads class SMR info:
_java_thread_list=0x000002681537ebe0, length=16, elements={
0x000002686d86f800, 0x000002687fc12800, 0x000002687fc15000, 0x000002681383b800,
0x000002681383c800, 0x000002681383e800, 0x0000026813842000, 0x0000026813866000,
0x00000268137e0800, 0x0000026813f3a800, 0x0000026814099000, 0x00000268141d2000,
0x000002681422b000, 0x00000268142b6000, 0x0000026814e78800, 0x0000026814fca000
}

Java Threads: ( => current thread )
  0x000002686d86f800 JavaThread "main" [_thread_blocked, id=3512, stack(0x0000006e93d00000,0x0000006e93e00000)]
  0x000002687fc12800 JavaThread "Reference Handler" daemon [_thread_blocked, id=5912, stack(0x0000006e94400000,0x0000006e94500000)]
  0x000002687fc15000 JavaThread "Finalizer" daemon [_thread_blocked, id=4384, stack(0x0000006e94500000,0x0000006e94600000)]
  0x000002681383b800 JavaThread "Signal Dispatcher" daemon [_thread_blocked, id=7344, stack(0x0000006e94600000,0x0000006e94700000)]
  0x000002681383c800 JavaThread "Attach Listener" daemon [_thread_blocked, id=1452, stack(0x0000006e94700000,0x0000006e94800000)]
  0x000002681383e800 JavaThread "Service Thread" daemon [_thread_blocked, id=14832, stack(0x0000006e94800000,0x0000006e94900000)]
  0x0000026813842000 JavaThread "C1 CompilerThread0" daemon [_thread_blocked, id=4296, stack(0x0000006e94900000,0x0000006e94a00000)]
  0x0000026813866000 JavaThread "Sweeper thread" daemon [_thread_blocked, id=4416, stack(0x0000006e94a00000,0x0000006e94b00000)]
  0x00000268137e0800 JavaThread "Common-Cleaner" daemon [_thread_blocked, id=9228, stack(0x0000006e94b00000,0x0000006e94c00000)]
  0x0000026813f3a800 JavaThread "Monitor Ctrl-Break" daemon [_thread_in_native, id=1732, stack(0x0000006e94c00000,0x0000006e94d00000)]
  0x0000026814099000 JavaThread "RMI TCP Accept-0" daemon [_thread_in_native, id=2408, stack(0x0000006e94d00000,0x0000006e94e00000)]
  0x00000268141d2000 JavaThread "RMI TCP Connection(1)-127.0.0.1" daemon [_thread_in_native, id=5972, stack(0x0000006e95400000,0x0000006e95500000)]
  0x000002681422b000 JavaThread "RMI Scheduler(0)" daemon [_thread_blocked, id=2320, stack(0x0000006e95300000,0x0000006e95400000)]
  0x00000268142b6000 JavaThread "Thread-0" [_thread_blocked, id=14704, stack(0x0000006e95500000,0x0000006e95600000)]
  0x0000026814e78800 JavaThread "restartedMain" [_thread_blocked, id=2244, stack(0x0000006e95600000,0x0000006e95700000)]
  0x0000026814fca000 JavaThread "background-preinit" [_thread_blocked, id=6016, stack(0x0000006e95700000,0x0000006e95800000)]

Other Threads:
=>0x000002687fbeb000 VMThread "VM Thread" [stack: 0x0000006e94300000,0x0000006e94400000] [id=15052]
  0x0000026814097000 WatcherThread [stack: 0x0000006e94e00000,0x0000006e94f00000] [id=7248]
  0x000002686d888000 GCTaskThread "GC Thread#0" [stack: 0x0000006e93e00000,0x0000006e93f00000] [id=13968]
  0x000002681413d800 GCTaskThread "GC Thread#1" [stack: 0x0000006e94f00000,0x0000006e95000000] [id=8352]
  0x00000268140e4800 GCTaskThread "GC Thread#2" [stack: 0x0000006e95000000,0x0000006e95100000] [id=2388]
  0x0000026814168000 GCTaskThread "GC Thread#3" [stack: 0x0000006e95100000,0x0000006e95200000] [id=128]
  0x000002686d8e4000 ConcurrentGCThread "G1 Main Marker" [stack: 0x0000006e93f00000,0x0000006e94000000] [id=3460]
  0x000002686d8e5800 ConcurrentGCThread "G1 Conc#0" [stack: 0x0000006e94000000,0x0000006e94100000] [id=12768]
  0x000002687fad3000 ConcurrentGCThread "G1 Refine#0" [stack: 0x0000006e94100000,0x0000006e94200000] [id=13084]
  0x0000026813a37000 ConcurrentGCThread "G1 Refine#1" [stack: 0x0000006e95200000,0x0000006e95300000] [id=15108]
  0x000002687fad4000 ConcurrentGCThread "G1 Young RemSet Sampling" [stack: 0x0000006e94200000,0x0000006e94300000] [id=6908]

Threads with active compile tasks:
C1 CompilerThread0     3520 2564       1       jdk.internal.loader.BuiltinClassLoader::definePackage (276 bytes)

VM state:at safepoint (normal execution)

VM Mutex/Monitor currently owned by a thread:  ([mutex/lock_event])
[0x000002686d86bbc0] Threads_lock - owner thread: 0x000002687fbeb000
[0x000002686d86b1a0] Heap_lock - owner thread: 0x0000026814fca000

OutOfMemory and StackOverflow Exception counts:
OutOfMemoryError java_heap_errors=1
LinkageErrors=56

Heap address: 0x0000000702a00000, size: 4054 MB, Compressed Oops mode: Zero based, Oop shift amount: 3
Narrow klass base: 0x0000000800000000, Narrow klass shift: 0
Compressed class space size: 1073741824 Address: 0x0000000800000000

Heap:
 garbage-first heap   total 260096K, used 13850K [0x0000000702a00000, 0x0000000800000000)
  region size 1024K, 5 young (5120K), 5 survivors (5120K)
 Metaspace       used 26932K, capacity 27819K, committed 27952K, reserved 1087488K
  class space    used 3293K, capacity 3642K, committed 3712K, reserved 1048576K
Heap Regions: E=young(eden), S=young(survivor), O=old, HS=humongous(starts), HC=humongous(continues), CS=collection set, F=free, A=archive, TAMS=top-at-mark-start (previous, next)
|   0|0x0000000702a00000, 0x0000000702b00000, 0x0000000702b00000|100%|HS|  |TAMS 0x0000000702b00000, 0x0000000702b00000| Complete 
|   1|0x0000000702b00000, 0x0000000702c00000, 0x0000000702c00000|100%| O|  |TAMS 0x0000000702c00000, 0x0000000702c00000| Untracked 
|   2|0x0000000702c00000, 0x0000000702d00000, 0x0000000702d00000|100%| O|  |TAMS 0x0000000702d00000, 0x0000000702d00000| Untracked 
|   3|0x0000000702d00000, 0x0000000702e00000, 0x0000000702e00000|100%| O|  |TAMS 0x0000000702e00000, 0x0000000702e00000| Untracked 
|   4|0x0000000702e00000, 0x0000000702f00000, 0x0000000702f00000|100%| O|  |TAMS 0x0000000702f00000, 0x0000000702f00000| Untracked 
|   5|0x0000000702f00000, 0x0000000703000000, 0x0000000703000000|100%| O|  |TAMS 0x0000000703000000, 0x0000000703000000| Untracked 
|   6|0x0000000703000000, 0x0000000703100000, 0x0000000703100000|100%| O|  |TAMS 0x0000000703100000, 0x0000000703100000| Untracked 
|   7|0x0000000703100000, 0x0000000703200000, 0x0000000703200000|100%| O|  |TAMS 0x0000000703200000, 0x0000000703200000| Untracked 
|   8|0x0000000703200000, 0x0000000703300000, 0x0000000703300000|100%| O|  |TAMS 0x0000000703300000, 0x0000000703300000| Untracked 
|   9|0x0000000703300000, 0x000000070335b600, 0x0000000703400000| 35%| O|  |TAMS 0x000000070335b600, 0x000000070335b600| Untracked 
|  10|0x0000000703400000, 0x0000000703400000, 0x0000000703500000|  0%| F|  |TAMS 0x0000000703400000, 0x0000000703400000| Untracked 
|  11|0x0000000703500000, 0x0000000703500000, 0x0000000703600000|  0%| F|  |TAMS 0x0000000703500000, 0x0000000703500000| Untracked 
|  12|0x0000000703600000, 0x0000000703600000, 0x0000000703700000|  0%| F|  |TAMS 0x0000000703600000, 0x0000000703600000| Untracked 
|  13|0x0000000703700000, 0x0000000703700000, 0x0000000703800000|  0%| F|  |TAMS 0x0000000703700000, 0x0000000703700000| Untracked 
|  14|0x0000000703800000, 0x0000000703800000, 0x0000000703900000|  0%| F|  |TAMS 0x0000000703800000, 0x0000000703800000| Untracked 
|  15|0x0000000703900000, 0x0000000703900000, 0x0000000703a00000|  0%| F|  |TAMS 0x0000000703900000, 0x0000000703900000| Untracked 
|  16|0x0000000703a00000, 0x0000000703a00000, 0x0000000703b00000|  0%| F|  |TAMS 0x0000000703a00000, 0x0000000703a00000| Untracked 
|  17|0x0000000703b00000, 0x0000000703b00000, 0x0000000703c00000|  0%| F|  |TAMS 0x0000000703b00000, 0x0000000703b00000| Untracked 
|  18|0x0000000703c00000, 0x0000000703c00000, 0x0000000703d00000|  0%| F|  |TAMS 0x0000000703c00000, 0x0000000703c00000| Untracked 
|  19|0x0000000703d00000, 0x0000000703d00000, 0x0000000703e00000|  0%| F|  |TAMS 0x0000000703d00000, 0x0000000703d00000| Untracked 
|  20|0x0000000703e00000, 0x0000000703e00000, 0x0000000703f00000|  0%| F|  |TAMS 0x0000000703e00000, 0x0000000703e00000| Untracked 
|  21|0x0000000703f00000, 0x0000000703f00000, 0x0000000704000000|  0%| F|  |TAMS 0x0000000703f00000, 0x0000000703f00000| Untracked 
|  22|0x0000000704000000, 0x0000000704000000, 0x0000000704100000|  0%| F|  |TAMS 0x0000000704000000, 0x0000000704000000| Untracked 
|  23|0x0000000704100000, 0x0000000704100000, 0x0000000704200000|  0%| F|  |TAMS 0x0000000704100000, 0x0000000704100000| Untracked 
|  24|0x0000000704200000, 0x0000000704200000, 0x0000000704300000|  0%| F|  |TAMS 0x0000000704200000, 0x0000000704200000| Untracked 
|  25|0x0000000704300000, 0x0000000704300000, 0x0000000704400000|  0%| F|  |TAMS 0x0000000704300000, 0x0000000704300000| Untracked 
|  26|0x0000000704400000, 0x0000000704400000, 0x0000000704500000|  0%| F|  |TAMS 0x0000000704400000, 0x0000000704400000| Untracked 
|  27|0x0000000704500000, 0x0000000704500000, 0x0000000704600000|  0%| F|  |TAMS 0x0000000704500000, 0x0000000704500000| Untracked 
|  28|0x0000000704600000, 0x0000000704600000, 0x0000000704700000|  0%| F|  |TAMS 0x0000000704600000, 0x0000000704600000| Untracked 
|  29|0x0000000704700000, 0x0000000704700000, 0x0000000704800000|  0%| F|  |TAMS 0x0000000704700000, 0x0000000704700000| Untracked 
|  30|0x0000000704800000, 0x0000000704800000, 0x0000000704900000|  0%| F|  |TAMS 0x0000000704800000, 0x0000000704800000| Untracked 
|  31|0x0000000704900000, 0x0000000704900000, 0x0000000704a00000|  0%| F|  |TAMS 0x0000000704900000, 0x0000000704900000| Untracked 
|  32|0x0000000704a00000, 0x0000000704a00000, 0x0000000704b00000|  0%| F|  |TAMS 0x0000000704a00000, 0x0000000704a00000| Untracked 
|  33|0x0000000704b00000, 0x0000000704b00000, 0x0000000704c00000|  0%| F|  |TAMS 0x0000000704b00000, 0x0000000704b00000| Untracked 
|  34|0x0000000704c00000, 0x0000000704c00000, 0x0000000704d00000|  0%| F|  |TAMS 0x0000000704c00000, 0x0000000704c00000| Untracked 
|  35|0x0000000704d00000, 0x0000000704d00000, 0x0000000704e00000|  0%| F|  |TAMS 0x0000000704d00000, 0x0000000704d00000| Untracked 
|  36|0x0000000704e00000, 0x0000000704e00000, 0x0000000704f00000|  0%| F|  |TAMS 0x0000000704e00000, 0x0000000704e00000| Untracked 
|  37|0x0000000704f00000, 0x0000000704f00000, 0x0000000705000000|  0%| F|  |TAMS 0x0000000704f00000, 0x0000000704f00000| Untracked 
|  38|0x0000000705000000, 0x0000000705000000, 0x0000000705100000|  0%| F|  |TAMS 0x0000000705000000, 0x0000000705000000| Untracked 
|  39|0x0000000705100000, 0x0000000705100000, 0x0000000705200000|  0%| F|  |TAMS 0x0000000705100000, 0x0000000705100000| Untracked 
|  40|0x0000000705200000, 0x0000000705200000, 0x0000000705300000|  0%| F|  |TAMS 0x0000000705200000, 0x0000000705200000| Untracked 
|  41|0x0000000705300000, 0x0000000705300000, 0x0000000705400000|  0%| F|  |TAMS 0x0000000705300000, 0x0000000705300000| Untracked 
|  42|0x0000000705400000, 0x0000000705400000, 0x0000000705500000|  0%| F|  |TAMS 0x0000000705400000, 0x0000000705400000| Untracked 
|  43|0x0000000705500000, 0x0000000705500000, 0x0000000705600000|  0%| F|  |TAMS 0x0000000705500000, 0x0000000705500000| Untracked 
|  44|0x0000000705600000, 0x0000000705600000, 0x0000000705700000|  0%| F|  |TAMS 0x0000000705600000, 0x0000000705600000| Untracked 
|  45|0x0000000705700000, 0x0000000705700000, 0x0000000705800000|  0%| F|  |TAMS 0x0000000705700000, 0x0000000705700000| Untracked 
|  46|0x0000000705800000, 0x0000000705800000, 0x0000000705900000|  0%| F|  |TAMS 0x0000000705800000, 0x0000000705800000| Untracked 
|  47|0x0000000705900000, 0x0000000705900000, 0x0000000705a00000|  0%| F|  |TAMS 0x0000000705900000, 0x0000000705900000| Untracked 
|  48|0x0000000705a00000, 0x0000000705a00000, 0x0000000705b00000|  0%| F|  |TAMS 0x0000000705a00000, 0x0000000705a00000| Untracked 
|  49|0x0000000705b00000, 0x0000000705b00000, 0x0000000705c00000|  0%| F|  |TAMS 0x0000000705b00000, 0x0000000705b00000| Untracked 
|  50|0x0000000705c00000, 0x0000000705c00000, 0x0000000705d00000|  0%| F|  |TAMS 0x0000000705c00000, 0x0000000705c00000| Untracked 
|  51|0x0000000705d00000, 0x0000000705d00000, 0x0000000705e00000|  0%| F|  |TAMS 0x0000000705d00000, 0x0000000705d00000| Untracked 
|  52|0x0000000705e00000, 0x0000000705e00000, 0x0000000705f00000|  0%| F|  |TAMS 0x0000000705e00000, 0x0000000705e00000| Untracked 
|  53|0x0000000705f00000, 0x0000000705f00000, 0x0000000706000000|  0%| F|  |TAMS 0x0000000705f00000, 0x0000000705f00000| Untracked 
|  54|0x0000000706000000, 0x0000000706000000, 0x0000000706100000|  0%| F|  |TAMS 0x0000000706000000, 0x0000000706000000| Untracked 
|  55|0x0000000706100000, 0x0000000706100000, 0x0000000706200000|  0%| F|  |TAMS 0x0000000706100000, 0x0000000706100000| Untracked 
|  56|0x0000000706200000, 0x0000000706200000, 0x0000000706300000|  0%| F|  |TAMS 0x0000000706200000, 0x0000000706200000| Untracked 
|  57|0x0000000706300000, 0x0000000706300000, 0x0000000706400000|  0%| F|  |TAMS 0x0000000706300000, 0x0000000706300000| Untracked 
|  58|0x0000000706400000, 0x0000000706400000, 0x0000000706500000|  0%| F|  |TAMS 0x0000000706400000, 0x0000000706400000| Untracked 
|  59|0x0000000706500000, 0x0000000706500000, 0x0000000706600000|  0%| F|  |TAMS 0x0000000706500000, 0x0000000706500000| Untracked 
|  60|0x0000000706600000, 0x0000000706600000, 0x0000000706700000|  0%| F|  |TAMS 0x0000000706600000, 0x0000000706600000| Untracked 
|  61|0x0000000706700000, 0x0000000706700000, 0x0000000706800000|  0%| F|  |TAMS 0x0000000706700000, 0x0000000706700000| Untracked 
|  62|0x0000000706800000, 0x0000000706800000, 0x0000000706900000|  0%| F|  |TAMS 0x0000000706800000, 0x0000000706800000| Untracked 
|  63|0x0000000706900000, 0x0000000706900000, 0x0000000706a00000|  0%| F|  |TAMS 0x0000000706900000, 0x0000000706900000| Untracked 
|  64|0x0000000706a00000, 0x0000000706a00000, 0x0000000706b00000|  0%| F|  |TAMS 0x0000000706a00000, 0x0000000706a00000| Untracked 
|  65|0x0000000706b00000, 0x0000000706b00000, 0x0000000706c00000|  0%| F|  |TAMS 0x0000000706b00000, 0x0000000706b00000| Untracked 
|  66|0x0000000706c00000, 0x0000000706c00000, 0x0000000706d00000|  0%| F|  |TAMS 0x0000000706c00000, 0x0000000706c00000| Untracked 
|  67|0x0000000706d00000, 0x0000000706d00000, 0x0000000706e00000|  0%| F|  |TAMS 0x0000000706d00000, 0x0000000706d00000| Untracked 
|  68|0x0000000706e00000, 0x0000000706e00000, 0x0000000706f00000|  0%| F|  |TAMS 0x0000000706e00000, 0x0000000706e00000| Untracked 
|  69|0x0000000706f00000, 0x0000000706f00000, 0x0000000707000000|  0%| F|  |TAMS 0x0000000706f00000, 0x0000000706f00000| Untracked 
|  70|0x0000000707000000, 0x0000000707000000, 0x0000000707100000|  0%| F|  |TAMS 0x0000000707000000, 0x0000000707000000| Untracked 
|  71|0x0000000707100000, 0x0000000707100000, 0x0000000707200000|  0%| F|  |TAMS 0x0000000707100000, 0x0000000707100000| Untracked 
|  72|0x0000000707200000, 0x0000000707200000, 0x0000000707300000|  0%| F|  |TAMS 0x0000000707200000, 0x0000000707200000| Untracked 
|  73|0x0000000707300000, 0x0000000707300000, 0x0000000707400000|  0%| F|  |TAMS 0x0000000707300000, 0x0000000707300000| Untracked 
|  74|0x0000000707400000, 0x0000000707400000, 0x0000000707500000|  0%| F|  |TAMS 0x0000000707400000, 0x0000000707400000| Untracked 
|  75|0x0000000707500000, 0x0000000707500000, 0x0000000707600000|  0%| F|  |TAMS 0x0000000707500000, 0x0000000707500000| Untracked 
|  76|0x0000000707600000, 0x0000000707600000, 0x0000000707700000|  0%| F|  |TAMS 0x0000000707600000, 0x0000000707600000| Untracked 
|  77|0x0000000707700000, 0x0000000707700000, 0x0000000707800000|  0%| F|  |TAMS 0x0000000707700000, 0x0000000707700000| Untracked 
|  78|0x0000000707800000, 0x0000000707800000, 0x0000000707900000|  0%| F|  |TAMS 0x0000000707800000, 0x0000000707800000| Untracked 
|  79|0x0000000707900000, 0x0000000707900000, 0x0000000707a00000|  0%| F|  |TAMS 0x0000000707900000, 0x0000000707900000| Untracked 
|  80|0x0000000707a00000, 0x0000000707a00000, 0x0000000707b00000|  0%| F|  |TAMS 0x0000000707a00000, 0x0000000707a00000| Untracked 
|  81|0x0000000707b00000, 0x0000000707b00000, 0x0000000707c00000|  0%| F|  |TAMS 0x0000000707b00000, 0x0000000707b00000| Untracked 
|  82|0x0000000707c00000, 0x0000000707c00000, 0x0000000707d00000|  0%| F|  |TAMS 0x0000000707c00000, 0x0000000707c00000| Untracked 
|  83|0x0000000707d00000, 0x0000000707d00000, 0x0000000707e00000|  0%| F|  |TAMS 0x0000000707d00000, 0x0000000707d00000| Untracked 
|  84|0x0000000707e00000, 0x0000000707e00000, 0x0000000707f00000|  0%| F|  |TAMS 0x0000000707e00000, 0x0000000707e00000| Untracked 
|  85|0x0000000707f00000, 0x0000000707f00000, 0x0000000708000000|  0%| F|  |TAMS 0x0000000707f00000, 0x0000000707f00000| Untracked 
|  86|0x0000000708000000, 0x0000000708000000, 0x0000000708100000|  0%| F|  |TAMS 0x0000000708000000, 0x0000000708000000| Untracked 
|  87|0x0000000708100000, 0x0000000708100000, 0x0000000708200000|  0%| F|  |TAMS 0x0000000708100000, 0x0000000708100000| Untracked 
|  88|0x0000000708200000, 0x0000000708200000, 0x0000000708300000|  0%| F|  |TAMS 0x0000000708200000, 0x0000000708200000| Untracked 
|  89|0x0000000708300000, 0x0000000708300000, 0x0000000708400000|  0%| F|  |TAMS 0x0000000708300000, 0x0000000708300000| Untracked 
|  90|0x0000000708400000, 0x0000000708400000, 0x0000000708500000|  0%| F|  |TAMS 0x0000000708400000, 0x0000000708400000| Untracked 
|  91|0x0000000708500000, 0x0000000708500000, 0x0000000708600000|  0%| F|  |TAMS 0x0000000708500000, 0x0000000708500000| Untracked 
|  92|0x0000000708600000, 0x0000000708600000, 0x0000000708700000|  0%| F|  |TAMS 0x0000000708600000, 0x0000000708600000| Untracked 
|  93|0x0000000708700000, 0x0000000708700000, 0x0000000708800000|  0%| F|  |TAMS 0x0000000708700000, 0x0000000708700000| Untracked 
|  94|0x0000000708800000, 0x0000000708800000, 0x0000000708900000|  0%| F|  |TAMS 0x0000000708800000, 0x0000000708800000| Untracked 
|  95|0x0000000708900000, 0x0000000708900000, 0x0000000708a00000|  0%| F|  |TAMS 0x0000000708900000, 0x0000000708900000| Untracked 
|  96|0x0000000708a00000, 0x0000000708a00000, 0x0000000708b00000|  0%| F|  |TAMS 0x0000000708a00000, 0x0000000708a00000| Untracked 
|  97|0x0000000708b00000, 0x0000000708b00000, 0x0000000708c00000|  0%| F|  |TAMS 0x0000000708b00000, 0x0000000708b00000| Untracked 
|  98|0x0000000708c00000, 0x0000000708c00000, 0x0000000708d00000|  0%| F|  |TAMS 0x0000000708c00000, 0x0000000708c00000| Untracked 
|  99|0x0000000708d00000, 0x0000000708d00000, 0x0000000708e00000|  0%| F|  |TAMS 0x0000000708d00000, 0x0000000708d00000| Untracked 
| 100|0x0000000708e00000, 0x0000000708e00000, 0x0000000708f00000|  0%| F|  |TAMS 0x0000000708e00000, 0x0000000708e00000| Untracked 
| 101|0x0000000708f00000, 0x0000000708f00000, 0x0000000709000000|  0%| F|  |TAMS 0x0000000708f00000, 0x0000000708f00000| Untracked 
| 102|0x0000000709000000, 0x0000000709000000, 0x0000000709100000|  0%| F|  |TAMS 0x0000000709000000, 0x0000000709000000| Untracked 
| 103|0x0000000709100000, 0x0000000709100000, 0x0000000709200000|  0%| F|  |TAMS 0x0000000709100000, 0x0000000709100000| Untracked 
| 104|0x0000000709200000, 0x0000000709200000, 0x0000000709300000|  0%| F|  |TAMS 0x0000000709200000, 0x0000000709200000| Untracked 
| 105|0x0000000709300000, 0x0000000709300000, 0x0000000709400000|  0%| F|  |TAMS 0x0000000709300000, 0x0000000709300000| Untracked 
| 106|0x0000000709400000, 0x0000000709400000, 0x0000000709500000|  0%| F|  |TAMS 0x0000000709400000, 0x0000000709400000| Untracked 
| 107|0x0000000709500000, 0x0000000709500000, 0x0000000709600000|  0%| F|  |TAMS 0x0000000709500000, 0x0000000709500000| Untracked 
| 108|0x0000000709600000, 0x0000000709600000, 0x0000000709700000|  0%| F|  |TAMS 0x0000000709600000, 0x0000000709600000| Untracked 
| 109|0x0000000709700000, 0x0000000709700000, 0x0000000709800000|  0%| F|  |TAMS 0x0000000709700000, 0x0000000709700000| Untracked 
| 110|0x0000000709800000, 0x0000000709800000, 0x0000000709900000|  0%| F|  |TAMS 0x0000000709800000, 0x0000000709800000| Untracked 
| 111|0x0000000709900000, 0x0000000709900000, 0x0000000709a00000|  0%| F|  |TAMS 0x0000000709900000, 0x0000000709900000| Untracked 
| 112|0x0000000709a00000, 0x0000000709a00000, 0x0000000709b00000|  0%| F|  |TAMS 0x0000000709a00000, 0x0000000709a00000| Untracked 
| 113|0x0000000709b00000, 0x0000000709b00000, 0x0000000709c00000|  0%| F|  |TAMS 0x0000000709b00000, 0x0000000709b00000| Untracked 
| 114|0x0000000709c00000, 0x0000000709c00000, 0x0000000709d00000|  0%| F|  |TAMS 0x0000000709c00000, 0x0000000709c00000| Untracked 
| 115|0x0000000709d00000, 0x0000000709d00000, 0x0000000709e00000|  0%| F|  |TAMS 0x0000000709d00000, 0x0000000709d00000| Untracked 
| 116|0x0000000709e00000, 0x0000000709e00000, 0x0000000709f00000|  0%| F|  |TAMS 0x0000000709e00000, 0x0000000709e00000| Untracked 
| 117|0x0000000709f00000, 0x0000000709f00000, 0x000000070a000000|  0%| F|  |TAMS 0x0000000709f00000, 0x0000000709f00000| Untracked 
| 118|0x000000070a000000, 0x000000070a000000, 0x000000070a100000|  0%| F|  |TAMS 0x000000070a000000, 0x000000070a000000| Untracked 
| 119|0x000000070a100000, 0x000000070a100000, 0x000000070a200000|  0%| F|  |TAMS 0x000000070a100000, 0x000000070a100000| Untracked 
| 120|0x000000070a200000, 0x000000070a200000, 0x000000070a300000|  0%| F|  |TAMS 0x000000070a200000, 0x000000070a200000| Untracked 
| 121|0x000000070a300000, 0x000000070a300000, 0x000000070a400000|  0%| F|  |TAMS 0x000000070a300000, 0x000000070a300000| Untracked 
| 122|0x000000070a400000, 0x000000070a400000, 0x000000070a500000|  0%| F|  |TAMS 0x000000070a400000, 0x000000070a400000| Untracked 
| 123|0x000000070a500000, 0x000000070a500000, 0x000000070a600000|  0%| F|  |TAMS 0x000000070a500000, 0x000000070a500000| Untracked 
| 124|0x000000070a600000, 0x000000070a600000, 0x000000070a700000|  0%| F|  |TAMS 0x000000070a600000, 0x000000070a600000| Untracked 
| 125|0x000000070a700000, 0x000000070a700000, 0x000000070a800000|  0%| F|  |TAMS 0x000000070a700000, 0x000000070a700000| Untracked 
| 126|0x000000070a800000, 0x000000070a800000, 0x000000070a900000|  0%| F|  |TAMS 0x000000070a800000, 0x000000070a800000| Untracked 
| 127|0x000000070a900000, 0x000000070a900000, 0x000000070aa00000|  0%| F|  |TAMS 0x000000070a900000, 0x000000070a900000| Untracked 
| 128|0x000000070aa00000, 0x000000070aa00000, 0x000000070ab00000|  0%| F|  |TAMS 0x000000070aa00000, 0x000000070aa00000| Untracked 
| 129|0x000000070ab00000, 0x000000070ab00000, 0x000000070ac00000|  0%| F|  |TAMS 0x000000070ab00000, 0x000000070ab00000| Untracked 
| 130|0x000000070ac00000, 0x000000070ac00000, 0x000000070ad00000|  0%| F|  |TAMS 0x000000070ac00000, 0x000000070ac00000| Untracked 
| 131|0x000000070ad00000, 0x000000070ad00000, 0x000000070ae00000|  0%| F|  |TAMS 0x000000070ad00000, 0x000000070ad00000| Untracked 
| 132|0x000000070ae00000, 0x000000070ae00000, 0x000000070af00000|  0%| F|  |TAMS 0x000000070ae00000, 0x000000070ae00000| Untracked 
| 133|0x000000070af00000, 0x000000070af00000, 0x000000070b000000|  0%| F|  |TAMS 0x000000070af00000, 0x000000070af00000| Untracked 
| 134|0x000000070b000000, 0x000000070b000000, 0x000000070b100000|  0%| F|  |TAMS 0x000000070b000000, 0x000000070b000000| Untracked 
| 135|0x000000070b100000, 0x000000070b100000, 0x000000070b200000|  0%| F|  |TAMS 0x000000070b100000, 0x000000070b100000| Untracked 
| 136|0x000000070b200000, 0x000000070b200000, 0x000000070b300000|  0%| F|  |TAMS 0x000000070b200000, 0x000000070b200000| Untracked 
| 137|0x000000070b300000, 0x000000070b300000, 0x000000070b400000|  0%| F|  |TAMS 0x000000070b300000, 0x000000070b300000| Untracked 
| 138|0x000000070b400000, 0x000000070b400000, 0x000000070b500000|  0%| F|  |TAMS 0x000000070b400000, 0x000000070b400000| Untracked 
| 139|0x000000070b500000, 0x000000070b500000, 0x000000070b600000|  0%| F|  |TAMS 0x000000070b500000, 0x000000070b500000| Untracked 
| 140|0x000000070b600000, 0x000000070b600000, 0x000000070b700000|  0%| F|  |TAMS 0x000000070b600000, 0x000000070b600000| Untracked 
| 141|0x000000070b700000, 0x000000070b700000, 0x000000070b800000|  0%| F|  |TAMS 0x000000070b700000, 0x000000070b700000| Untracked 
| 142|0x000000070b800000, 0x000000070b800000, 0x000000070b900000|  0%| F|  |TAMS 0x000000070b800000, 0x000000070b800000| Untracked 
| 143|0x000000070b900000, 0x000000070b900000, 0x000000070ba00000|  0%| F|  |TAMS 0x000000070b900000, 0x000000070b900000| Untracked 
| 144|0x000000070ba00000, 0x000000070ba00000, 0x000000070bb00000|  0%| F|  |TAMS 0x000000070ba00000, 0x000000070ba00000| Untracked 
| 145|0x000000070bb00000, 0x000000070bb00000, 0x000000070bc00000|  0%| F|  |TAMS 0x000000070bb00000, 0x000000070bb00000| Untracked 
| 146|0x000000070bc00000, 0x000000070bc00000, 0x000000070bd00000|  0%| F|  |TAMS 0x000000070bc00000, 0x000000070bc00000| Untracked 
| 147|0x000000070bd00000, 0x000000070bd00000, 0x000000070be00000|  0%| F|  |TAMS 0x000000070bd00000, 0x000000070bd00000| Untracked 
| 148|0x000000070be00000, 0x000000070be00000, 0x000000070bf00000|  0%| F|  |TAMS 0x000000070be00000, 0x000000070be00000| Untracked 
| 149|0x000000070bf00000, 0x000000070bf00000, 0x000000070c000000|  0%| F|  |TAMS 0x000000070bf00000, 0x000000070bf00000| Untracked 
| 150|0x000000070c000000, 0x000000070c000000, 0x000000070c100000|  0%| F|  |TAMS 0x000000070c000000, 0x000000070c000000| Untracked 
| 151|0x000000070c100000, 0x000000070c100000, 0x000000070c200000|  0%| F|  |TAMS 0x000000070c100000, 0x000000070c100000| Untracked 
| 152|0x000000070c200000, 0x000000070c200000, 0x000000070c300000|  0%| F|  |TAMS 0x000000070c200000, 0x000000070c200000| Untracked 
| 153|0x000000070c300000, 0x000000070c300000, 0x000000070c400000|  0%| F|  |TAMS 0x000000070c300000, 0x000000070c300000| Untracked 
| 154|0x000000070c400000, 0x000000070c400000, 0x000000070c500000|  0%| F|  |TAMS 0x000000070c400000, 0x000000070c400000| Untracked 
| 155|0x000000070c500000, 0x000000070c500000, 0x000000070c600000|  0%| F|  |TAMS 0x000000070c500000, 0x000000070c500000| Untracked 
| 156|0x000000070c600000, 0x000000070c600000, 0x000000070c700000|  0%| F|  |TAMS 0x000000070c600000, 0x000000070c600000| Untracked 
| 157|0x000000070c700000, 0x000000070c700000, 0x000000070c800000|  0%| F|  |TAMS 0x000000070c700000, 0x000000070c700000| Untracked 
| 158|0x000000070c800000, 0x000000070c800000, 0x000000070c900000|  0%| F|  |TAMS 0x000000070c800000, 0x000000070c800000| Untracked 
| 159|0x000000070c900000, 0x000000070c900000, 0x000000070ca00000|  0%| F|  |TAMS 0x000000070c900000, 0x000000070c900000| Untracked 
| 160|0x000000070ca00000, 0x000000070ca00000, 0x000000070cb00000|  0%| F|  |TAMS 0x000000070ca00000, 0x000000070ca00000| Untracked 
| 161|0x000000070cb00000, 0x000000070cb00000, 0x000000070cc00000|  0%| F|  |TAMS 0x000000070cb00000, 0x000000070cb00000| Untracked 
| 162|0x000000070cc00000, 0x000000070cc00000, 0x000000070cd00000|  0%| F|  |TAMS 0x000000070cc00000, 0x000000070cc00000| Untracked 
| 163|0x000000070cd00000, 0x000000070cd00000, 0x000000070ce00000|  0%| F|  |TAMS 0x000000070cd00000, 0x000000070cd00000| Untracked 
| 164|0x000000070ce00000, 0x000000070ce00000, 0x000000070cf00000|  0%| F|  |TAMS 0x000000070ce00000, 0x000000070ce00000| Untracked 
| 165|0x000000070cf00000, 0x000000070cf00000, 0x000000070d000000|  0%| F|  |TAMS 0x000000070cf00000, 0x000000070cf00000| Untracked 
| 166|0x000000070d000000, 0x000000070d000000, 0x000000070d100000|  0%| F|  |TAMS 0x000000070d000000, 0x000000070d000000| Untracked 
| 167|0x000000070d100000, 0x000000070d100000, 0x000000070d200000|  0%| F|  |TAMS 0x000000070d100000, 0x000000070d100000| Untracked 
| 168|0x000000070d200000, 0x000000070d200000, 0x000000070d300000|  0%| F|  |TAMS 0x000000070d200000, 0x000000070d200000| Untracked 
| 169|0x000000070d300000, 0x000000070d300000, 0x000000070d400000|  0%| F|  |TAMS 0x000000070d300000, 0x000000070d300000| Untracked 
| 170|0x000000070d400000, 0x000000070d400000, 0x000000070d500000|  0%| F|  |TAMS 0x000000070d400000, 0x000000070d400000| Untracked 
| 171|0x000000070d500000, 0x000000070d500000, 0x000000070d600000|  0%| F|  |TAMS 0x000000070d500000, 0x000000070d500000| Untracked 
| 172|0x000000070d600000, 0x000000070d600000, 0x000000070d700000|  0%| F|  |TAMS 0x000000070d600000, 0x000000070d600000| Untracked 
| 173|0x000000070d700000, 0x000000070d700000, 0x000000070d800000|  0%| F|  |TAMS 0x000000070d700000, 0x000000070d700000| Untracked 
| 174|0x000000070d800000, 0x000000070d800000, 0x000000070d900000|  0%| F|  |TAMS 0x000000070d800000, 0x000000070d800000| Untracked 
| 175|0x000000070d900000, 0x000000070d900000, 0x000000070da00000|  0%| F|  |TAMS 0x000000070d900000, 0x000000070d900000| Untracked 
| 176|0x000000070da00000, 0x000000070da00000, 0x000000070db00000|  0%| F|  |TAMS 0x000000070da00000, 0x000000070da00000| Untracked 
| 177|0x000000070db00000, 0x000000070db00000, 0x000000070dc00000|  0%| F|  |TAMS 0x000000070db00000, 0x000000070db00000| Untracked 
| 178|0x000000070dc00000, 0x000000070dc00000, 0x000000070dd00000|  0%| F|  |TAMS 0x000000070dc00000, 0x000000070dc00000| Untracked 
| 179|0x000000070dd00000, 0x000000070dd00000, 0x000000070de00000|  0%| F|  |TAMS 0x000000070dd00000, 0x000000070dd00000| Untracked 
| 180|0x000000070de00000, 0x000000070de00000, 0x000000070df00000|  0%| F|  |TAMS 0x000000070de00000, 0x000000070de00000| Untracked 
| 181|0x000000070df00000, 0x000000070df00000, 0x000000070e000000|  0%| F|  |TAMS 0x000000070df00000, 0x000000070df00000| Untracked 
| 182|0x000000070e000000, 0x000000070e000000, 0x000000070e100000|  0%| F|  |TAMS 0x000000070e000000, 0x000000070e000000| Untracked 
| 183|0x000000070e100000, 0x000000070e100000, 0x000000070e200000|  0%| F|  |TAMS 0x000000070e100000, 0x000000070e100000| Untracked 
| 184|0x000000070e200000, 0x000000070e200000, 0x000000070e300000|  0%| F|  |TAMS 0x000000070e200000, 0x000000070e200000| Untracked 
| 185|0x000000070e300000, 0x000000070e300000, 0x000000070e400000|  0%| F|  |TAMS 0x000000070e300000, 0x000000070e300000| Untracked 
| 186|0x000000070e400000, 0x000000070e400000, 0x000000070e500000|  0%| F|  |TAMS 0x000000070e400000, 0x000000070e400000| Untracked 
| 187|0x000000070e500000, 0x000000070e500000, 0x000000070e600000|  0%| F|  |TAMS 0x000000070e500000, 0x000000070e500000| Untracked 
| 188|0x000000070e600000, 0x000000070e600000, 0x000000070e700000|  0%| F|  |TAMS 0x000000070e600000, 0x000000070e600000| Untracked 
| 189|0x000000070e700000, 0x000000070e700000, 0x000000070e800000|  0%| F|  |TAMS 0x000000070e700000, 0x000000070e700000| Untracked 
| 190|0x000000070e800000, 0x000000070e800000, 0x000000070e900000|  0%| F|  |TAMS 0x000000070e800000, 0x000000070e800000| Untracked 
| 191|0x000000070e900000, 0x000000070e900000, 0x000000070ea00000|  0%| F|  |TAMS 0x000000070e900000, 0x000000070e900000| Untracked 
| 192|0x000000070ea00000, 0x000000070ea00000, 0x000000070eb00000|  0%| F|  |TAMS 0x000000070ea00000, 0x000000070ea00000| Untracked 
| 193|0x000000070eb00000, 0x000000070eb00000, 0x000000070ec00000|  0%| F|  |TAMS 0x000000070eb00000, 0x000000070eb00000| Untracked 
| 194|0x000000070ec00000, 0x000000070ec00000, 0x000000070ed00000|  0%| F|  |TAMS 0x000000070ec00000, 0x000000070ec00000| Untracked 
| 195|0x000000070ed00000, 0x000000070ed00000, 0x000000070ee00000|  0%| F|  |TAMS 0x000000070ed00000, 0x000000070ed00000| Untracked 
| 196|0x000000070ee00000, 0x000000070ee00000, 0x000000070ef00000|  0%| F|  |TAMS 0x000000070ee00000, 0x000000070ee00000| Untracked 
| 197|0x000000070ef00000, 0x000000070ef00000, 0x000000070f000000|  0%| F|  |TAMS 0x000000070ef00000, 0x000000070ef00000| Untracked 
| 198|0x000000070f000000, 0x000000070f000000, 0x000000070f100000|  0%| F|  |TAMS 0x000000070f000000, 0x000000070f000000| Untracked 
| 199|0x000000070f100000, 0x000000070f100000, 0x000000070f200000|  0%| F|  |TAMS 0x000000070f100000, 0x000000070f100000| Untracked 
| 200|0x000000070f200000, 0x000000070f200000, 0x000000070f300000|  0%| F|  |TAMS 0x000000070f200000, 0x000000070f200000| Untracked 
| 201|0x000000070f300000, 0x000000070f300000, 0x000000070f400000|  0%| F|  |TAMS 0x000000070f300000, 0x000000070f300000| Untracked 
| 202|0x000000070f400000, 0x000000070f400000, 0x000000070f500000|  0%| F|  |TAMS 0x000000070f400000, 0x000000070f400000| Untracked 
| 203|0x000000070f500000, 0x000000070f500000, 0x000000070f600000|  0%| F|  |TAMS 0x000000070f500000, 0x000000070f500000| Untracked 
| 204|0x000000070f600000, 0x000000070f600000, 0x000000070f700000|  0%| F|  |TAMS 0x000000070f600000, 0x000000070f600000| Untracked 
| 205|0x000000070f700000, 0x000000070f700000, 0x000000070f800000|  0%| F|  |TAMS 0x000000070f700000, 0x000000070f700000| Untracked 
| 206|0x000000070f800000, 0x000000070f800000, 0x000000070f900000|  0%| F|  |TAMS 0x000000070f800000, 0x000000070f800000| Untracked 
| 207|0x000000070f900000, 0x000000070f900000, 0x000000070fa00000|  0%| F|  |TAMS 0x000000070f900000, 0x000000070f900000| Untracked 
| 208|0x000000070fa00000, 0x000000070fa00000, 0x000000070fb00000|  0%| F|  |TAMS 0x000000070fa00000, 0x000000070fa00000| Untracked 
| 209|0x000000070fb00000, 0x000000070fb00000, 0x000000070fc00000|  0%| F|  |TAMS 0x000000070fb00000, 0x000000070fb00000| Untracked 
| 210|0x000000070fc00000, 0x000000070fc00000, 0x000000070fd00000|  0%| F|  |TAMS 0x000000070fc00000, 0x000000070fc00000| Untracked 
| 211|0x000000070fd00000, 0x000000070fd00000, 0x000000070fe00000|  0%| F|  |TAMS 0x000000070fd00000, 0x000000070fd00000| Untracked 
| 212|0x000000070fe00000, 0x000000070fe00000, 0x000000070ff00000|  0%| F|  |TAMS 0x000000070fe00000, 0x000000070fe00000| Untracked 
| 213|0x000000070ff00000, 0x000000070ff00000, 0x0000000710000000|  0%| F|  |TAMS 0x000000070ff00000, 0x000000070ff00000| Untracked 
| 214|0x0000000710000000, 0x0000000710000000, 0x0000000710100000|  0%| F|  |TAMS 0x0000000710000000, 0x0000000710000000| Untracked 
| 215|0x0000000710100000, 0x0000000710100000, 0x0000000710200000|  0%| F|  |TAMS 0x0000000710100000, 0x0000000710100000| Untracked 
| 216|0x0000000710200000, 0x0000000710200000, 0x0000000710300000|  0%| F|  |TAMS 0x0000000710200000, 0x0000000710200000| Untracked 
| 217|0x0000000710300000, 0x0000000710300000, 0x0000000710400000|  0%| F|  |TAMS 0x0000000710300000, 0x0000000710300000| Untracked 
| 218|0x0000000710400000, 0x0000000710400000, 0x0000000710500000|  0%| F|  |TAMS 0x0000000710400000, 0x0000000710400000| Untracked 
| 219|0x0000000710500000, 0x0000000710500000, 0x0000000710600000|  0%| F|  |TAMS 0x0000000710500000, 0x0000000710500000| Untracked 
| 220|0x0000000710600000, 0x0000000710600000, 0x0000000710700000|  0%| F|  |TAMS 0x0000000710600000, 0x0000000710600000| Untracked 
| 221|0x0000000710700000, 0x0000000710700000, 0x0000000710800000|  0%| F|  |TAMS 0x0000000710700000, 0x0000000710700000| Untracked 
| 222|0x0000000710800000, 0x0000000710800000, 0x0000000710900000|  0%| F|  |TAMS 0x0000000710800000, 0x0000000710800000| Untracked 
| 223|0x0000000710900000, 0x0000000710900000, 0x0000000710a00000|  0%| F|  |TAMS 0x0000000710900000, 0x0000000710900000| Untracked 
| 224|0x0000000710a00000, 0x0000000710a00000, 0x0000000710b00000|  0%| F|  |TAMS 0x0000000710a00000, 0x0000000710a00000| Untracked 
| 225|0x0000000710b00000, 0x0000000710b00000, 0x0000000710c00000|  0%| F|  |TAMS 0x0000000710b00000, 0x0000000710b00000| Untracked 
| 226|0x0000000710c00000, 0x0000000710c00000, 0x0000000710d00000|  0%| F|  |TAMS 0x0000000710c00000, 0x0000000710c00000| Untracked 
| 227|0x0000000710d00000, 0x0000000710d00000, 0x0000000710e00000|  0%| F|  |TAMS 0x0000000710d00000, 0x0000000710d00000| Untracked 
| 228|0x0000000710e00000, 0x0000000710e00000, 0x0000000710f00000|  0%| F|  |TAMS 0x0000000710e00000, 0x0000000710e00000| Untracked 
| 229|0x0000000710f00000, 0x0000000710f00000, 0x0000000711000000|  0%| F|  |TAMS 0x0000000710f00000, 0x0000000710f00000| Untracked 
| 230|0x0000000711000000, 0x0000000711000000, 0x0000000711100000|  0%| F|  |TAMS 0x0000000711000000, 0x0000000711000000| Untracked 
| 231|0x0000000711100000, 0x0000000711100000, 0x0000000711200000|  0%| F|  |TAMS 0x0000000711100000, 0x0000000711100000| Untracked 
| 232|0x0000000711200000, 0x0000000711200000, 0x0000000711300000|  0%| F|  |TAMS 0x0000000711200000, 0x0000000711200000| Untracked 
| 233|0x0000000711300000, 0x0000000711300000, 0x0000000711400000|  0%| F|  |TAMS 0x0000000711300000, 0x0000000711300000| Untracked 
| 234|0x0000000711400000, 0x0000000711400000, 0x0000000711500000|  0%| F|  |TAMS 0x0000000711400000, 0x0000000711400000| Untracked 
| 235|0x0000000711500000, 0x0000000711500000, 0x0000000711600000|  0%| F|  |TAMS 0x0000000711500000, 0x0000000711500000| Untracked 
| 236|0x0000000711600000, 0x0000000711600000, 0x0000000711700000|  0%| F|  |TAMS 0x0000000711600000, 0x0000000711600000| Untracked 
| 237|0x0000000711700000, 0x0000000711700000, 0x0000000711800000|  0%| F|  |TAMS 0x0000000711700000, 0x0000000711700000| Untracked 
| 238|0x0000000711800000, 0x0000000711800000, 0x0000000711900000|  0%| F|  |TAMS 0x0000000711800000, 0x0000000711800000| Untracked 
| 239|0x0000000711900000, 0x0000000711900000, 0x0000000711a00000|  0%| F|  |TAMS 0x0000000711900000, 0x0000000711900000| Untracked 
| 240|0x0000000711a00000, 0x0000000711a00000, 0x0000000711b00000|  0%| F|  |TAMS 0x0000000711a00000, 0x0000000711a00000| Untracked 
| 241|0x0000000711b00000, 0x0000000711b00000, 0x0000000711c00000|  0%| F|  |TAMS 0x0000000711b00000, 0x0000000711b00000| Untracked 
| 242|0x0000000711c00000, 0x0000000711c00000, 0x0000000711d00000|  0%| F|  |TAMS 0x0000000711c00000, 0x0000000711c00000| Untracked 
| 243|0x0000000711d00000, 0x0000000711d00000, 0x0000000711e00000|  0%| F|  |TAMS 0x0000000711d00000, 0x0000000711d00000| Untracked 
| 244|0x0000000711e00000, 0x0000000711e00000, 0x0000000711f00000|  0%| F|  |TAMS 0x0000000711e00000, 0x0000000711e00000| Untracked 
| 245|0x0000000711f00000, 0x0000000711f00000, 0x0000000712000000|  0%| F|  |TAMS 0x0000000711f00000, 0x0000000711f00000| Untracked 
| 246|0x0000000712000000, 0x000000071202b470, 0x0000000712100000| 16%| S|CS|TAMS 0x0000000712000000, 0x0000000712000000| Complete 
| 247|0x0000000712100000, 0x0000000712200000, 0x0000000712200000|100%| S|CS|TAMS 0x0000000712100000, 0x0000000712100000| Complete 
| 248|0x0000000712200000, 0x0000000712300000, 0x0000000712300000|100%| S|CS|TAMS 0x0000000712200000, 0x0000000712200000| Complete 
| 249|0x0000000712300000, 0x0000000712400000, 0x0000000712400000|100%| S|CS|TAMS 0x0000000712300000, 0x0000000712300000| Complete 
| 250|0x0000000712400000, 0x0000000712500000, 0x0000000712500000|100%| S|CS|TAMS 0x0000000712400000, 0x0000000712400000| Complete 
| 251|0x0000000712500000, 0x0000000712500000, 0x0000000712600000|  0%| F|  |TAMS 0x0000000712500000, 0x0000000712500000| Untracked 
| 252|0x0000000712600000, 0x0000000712600000, 0x0000000712700000|  0%| F|  |TAMS 0x0000000712600000, 0x0000000712600000| Untracked 
| 253|0x0000000712700000, 0x0000000712700000, 0x0000000712800000|  0%| F|  |TAMS 0x0000000712700000, 0x0000000712700000| Untracked 

Card table byte_map: [0x0000026878610000,0x0000026878e00000] _byte_map_base: 0x0000026874dfb000

Marking Bits (Prev, Next): (CMBitMap*) 0x000002686d8d35a8, (CMBitMap*) 0x000002686d8d35e0
 Prev Bits: [0x00000268795f0000, 0x000002687d548000)
 Next Bits: [0x000002680f000000, 0x0000026812f58000)

Polling page: 0x000002686d6c0000

Metaspace:

Usage:
  Non-class:     23.61 MB capacity,    23.09 MB ( 98%) used,   443.39 KB (  2%) free+waste,    94.50 KB ( <1%) overhead. 
      Class:      3.56 MB capacity,     3.22 MB ( 90%) used,   300.67 KB (  8%) free+waste,    48.00 KB (  1%) overhead. 
       Both:     27.17 MB capacity,    26.30 MB ( 97%) used,   744.06 KB (  3%) free+waste,   142.50 KB ( <1%) overhead. 

Virtual space:
  Non-class space:       38.00 MB reserved,      23.67 MB ( 62%) committed 
      Class space:        1.00 GB reserved,       3.63 MB ( <1%) committed 
             Both:        1.04 GB reserved,      27.30 MB (  3%) committed 

Chunk freelists:
   Non-Class:  63.00 KB
       Class:  6.00 KB
        Both:  69.00 KB

MaxMetaspaceSize: 17179869184.00 GB
CompressedClassSpaceSize: 1.00 GB
Initial GC threshold: 20.80 MB
Current GC threshold: 45.82 MB
CDS: off

CodeHeap 'non-profiled nmethods': size=238912Kb used=3900Kb max_used=3900Kb free=235012Kb
 bounds [0x00000268006b0000, 0x0000026800a80000, 0x000002680f000000]
CodeHeap 'non-nmethods': size=6848Kb used=1203Kb max_used=1203Kb free=5644Kb
 bounds [0x0000026800000000, 0x0000026800270000, 0x00000268006b0000]
 total_blobs=3045 nmethods=2563 adapters=409
 compilation: enabled
              stopped_count=0, restarted_count=0
 full_count=0

Compilation events (20 events):
Event: 3.464 Thread 0x0000026813842000 nmethod 2554 0x0000026800a7b990 code [0x0000026800a7bb40, 0x0000026800a7bc38]
Event: 3.464 Thread 0x0000026813842000 2555       1       org.springframework.asm.MethodVisitor::visitTypeAnnotation (41 bytes)
Event: 3.464 Thread 0x0000026813842000 nmethod 2555 0x0000026800a7bd10 code [0x0000026800a7bee0, 0x0000026800a7c058]
Event: 3.464 Thread 0x0000026813842000 2552       1       org.springframework.core.type.AnnotatedTypeMetadata::isAnnotated (13 bytes)
Event: 3.464 Thread 0x0000026813842000 nmethod 2552 0x0000026800a7c110 code [0x0000026800a7c2e0, 0x0000026800a7c3f8]
Event: 3.464 Thread 0x0000026813842000 2549       1       java.lang.Enum::valueOf (73 bytes)
Event: 3.465 Thread 0x0000026813842000 nmethod 2549 0x0000026800a7c490 code [0x0000026800a7c6e0, 0x0000026800a7cc58]
Event: 3.465 Thread 0x0000026813842000 2557       1       org.springframework.core.annotation.AnnotationTypeMappings::isMappable (47 bytes)
Event: 3.466 Thread 0x0000026813842000 nmethod 2557 0x0000026800a7cf10 code [0x0000026800a7d0e0, 0x0000026800a7d2b8]
Event: 3.468 Thread 0x0000026813842000 2558       1       java.util.stream.ReferencePipeline$StatelessOp::<init> (29 bytes)
Event: 3.468 Thread 0x0000026813842000 nmethod 2558 0x0000026800a7d410 code [0x0000026800a7d5c0, 0x0000026800a7d6a8]
Event: 3.479 Thread 0x0000026813842000 2559       1       java.lang.ClassLoader::definePackage (53 bytes)
Event: 3.479 Thread 0x0000026813842000 nmethod 2559 0x0000026800a7da90 code [0x0000026800a7dc80, 0x0000026800a7e038]
Event: 3.488 Thread 0x0000026813842000 2561       1       java.util.stream.Sink$ChainedReference::end (10 bytes)
Event: 3.488 Thread 0x0000026813842000 nmethod 2561 0x0000026800a7e290 code [0x0000026800a7e440, 0x0000026800a7e528]
Event: 3.488 Thread 0x0000026813842000 2562       1       java.lang.Package::<init> (47 bytes)
Event: 3.489 Thread 0x0000026813842000 nmethod 2562 0x0000026800a7e590 code [0x0000026800a7e760, 0x0000026800a7ea08]
Event: 3.489 Thread 0x0000026813842000 2563       1       java.lang.Package$VersionInfo::getInstance (53 bytes)
Event: 3.489 Thread 0x0000026813842000 nmethod 2563 0x0000026800a7eb90 code [0x0000026800a7ed40, 0x0000026800a7ef48]
Event: 3.489 Thread 0x0000026813842000 2564       1       jdk.internal.loader.BuiltinClassLoader::definePackage (276 bytes)

GC Heap History (14 events):
Event: 1.686 GC heap before
{Heap before GC invocations=0 (full 0):
 garbage-first heap   total 260096K, used 15360K [0x0000000702a00000, 0x0000000800000000)
  region size 1024K, 14 young (14336K), 0 survivors (0K)
 Metaspace       used 11467K, capacity 11754K, committed 11904K, reserved 1060864K
  class space    used 1170K, capacity 1302K, committed 1408K, reserved 1048576K
}
Event: 1.693 GC heap after
{Heap after GC invocations=1 (full 0):
 garbage-first heap   total 260096K, used 7928K [0x0000000702a00000, 0x0000000800000000)
  region size 1024K, 2 young (2048K), 2 survivors (2048K)
 Metaspace       used 11467K, capacity 11754K, committed 11904K, reserved 1060864K
  class space    used 1170K, capacity 1302K, committed 1408K, reserved 1048576K
}
Event: 1.952 GC heap before
{Heap before GC invocations=1 (full 0):
 garbage-first heap   total 260096K, used 18168K [0x0000000702a00000, 0x0000000800000000)
  region size 1024K, 12 young (12288K), 2 survivors (2048K)
 Metaspace       used 14818K, capacity 15284K, committed 15360K, reserved 1062912K
  class space    used 1570K, capacity 1748K, committed 1792K, reserved 1048576K
}
Event: 1.957 GC heap after
{Heap after GC invocations=2 (full 0):
 garbage-first heap   total 260096K, used 9657K [0x0000000702a00000, 0x0000000800000000)
  region size 1024K, 2 young (2048K), 2 survivors (2048K)
 Metaspace       used 14818K, capacity 15284K, committed 15360K, reserved 1062912K
  class space    used 1570K, capacity 1748K, committed 1792K, reserved 1048576K
}
Event: 2.427 GC heap before
{Heap before GC invocations=2 (full 0):
 garbage-first heap   total 260096K, used 28089K [0x0000000702a00000, 0x0000000800000000)
  region size 1024K, 21 young (21504K), 2 survivors (2048K)
 Metaspace       used 18027K, capacity 18657K, committed 18944K, reserved 1067008K
  class space    used 1992K, capacity 2221K, committed 2304K, reserved 1048576K
}
Event: 2.432 GC heap after
{Heap after GC invocations=3 (full 0):
 garbage-first heap   total 260096K, used 10674K [0x0000000702a00000, 0x0000000800000000)
  region size 1024K, 2 young (2048K), 2 survivors (2048K)
 Metaspace       used 18027K, capacity 18657K, committed 18944K, reserved 1067008K
  class space    used 1992K, capacity 2221K, committed 2304K, reserved 1048576K
}
Event: 2.728 GC heap before
{Heap before GC invocations=3 (full 0):
 garbage-first heap   total 260096K, used 23986K [0x0000000702a00000, 0x0000000800000000)
  region size 1024K, 17 young (17408K), 2 survivors (2048K)
 Metaspace       used 20438K, capacity 21114K, committed 21296K, reserved 1069056K
  class space    used 2326K, capacity 2600K, committed 2688K, reserved 1048576K
}
Event: 2.732 GC heap after
{Heap after GC invocations=4 (full 0):
 garbage-first heap   total 260096K, used 11363K [0x0000000702a00000, 0x0000000800000000)
  region size 1024K, 2 young (2048K), 2 survivors (2048K)
 Metaspace       used 20438K, capacity 21114K, committed 21296K, reserved 1069056K
  class space    used 2326K, capacity 2600K, committed 2688K, reserved 1048576K
}
Event: 3.227 GC heap before
{Heap before GC invocations=5 (full 0):
 garbage-first heap   total 260096K, used 57443K [0x0000000702a00000, 0x0000000800000000)
  region size 1024K, 47 young (48128K), 2 survivors (2048K)
 Metaspace       used 24627K, capacity 25395K, committed 25520K, reserved 1071104K
  class space    used 3021K, capacity 3319K, committed 3328K, reserved 1048576K
}
Event: 3.232 GC heap after
{Heap after GC invocations=6 (full 0):
 garbage-first heap   total 260096K, used 12723K [0x0000000702a00000, 0x0000000800000000)
  region size 1024K, 4 young (4096K), 4 survivors (4096K)
 Metaspace       used 24627K, capacity 25395K, committed 25520K, reserved 1071104K
  class space    used 3021K, capacity 3319K, committed 3328K, reserved 1048576K
}
Event: 3.439 GC heap before
{Heap before GC invocations=6 (full 0):
 garbage-first heap   total 260096K, used 30131K [0x0000000702a00000, 0x0000000800000000)
  region size 1024K, 22 young (22528K), 4 survivors (4096K)
 Metaspace       used 26675K, capacity 27526K, committed 27568K, reserved 1079296K
  class space    used 3243K, capacity 3565K, committed 3584K, reserved 1048576K
}
Event: 3.448 GC heap after
{Heap after GC invocations=7 (full 0):
 garbage-first heap   total 260096K, used 13677K [0x0000000702a00000, 0x0000000800000000)
  region size 1024K, 4 young (4096K), 4 survivors (4096K)
 Metaspace       used 26675K, capacity 27526K, committed 27568K, reserved 1079296K
  class space    used 3243K, capacity 3565K, committed 3584K, reserved 1048576K
}
Event: 3.491 GC heap before
{Heap before GC invocations=8 (full 0):
 garbage-first heap   total 260096K, used 15725K [0x0000000702a00000, 0x0000000800000000)
  region size 1024K, 7 young (7168K), 4 survivors (4096K)
 Metaspace       used 26932K, capacity 27819K, committed 27952K, reserved 1085440K
  class space    used 3293K, capacity 3642K, committed 3712K, reserved 1048576K
}
Event: 3.500 GC heap after
{Heap after GC invocations=9 (full 0):
 garbage-first heap   total 260096K, used 13850K [0x0000000702a00000, 0x0000000800000000)
  region size 1024K, 5 young (5120K), 5 survivors (5120K)
 Metaspace       used 26932K, capacity 27819K, committed 27952K, reserved 1085440K
  class space    used 3293K, capacity 3642K, committed 3712K, reserved 1048576K
}

Deoptimization events (0 events):
No events

Classes redefined (0 events):
No events

Internal exceptions (20 events):
Event: 3.000 Thread 0x0000026814e78800 Exception <a 'java/lang/ClassNotFoundException'{0x0000000710f78800}: org/springframework/context/annotation/ConfigurationClassPostProcessorCustomizer> (0x0000000710f78800) thrown at [./src/hotspot/share/classfile/systemDictionary.cpp, line 230]
Event: 3.006 Thread 0x0000026814e78800 Exception <a 'java/lang/ClassNotFoundException'{0x0000000710fb7258}: org/springframework/beans/factory/support/BeanDefinitionRegistryPostProcessorCustomizer> (0x0000000710fb7258) thrown at [./src/hotspot/share/classfile/systemDictionary.cpp, line 230]
Event: 3.007 Thread 0x0000026814e78800 Exception <a 'java/lang/ClassNotFoundException'{0x0000000710fd4000}: org/springframework/beans/factory/config/BeanFactoryPostProcessorCustomizer> (0x0000000710fd4000) thrown at [./src/hotspot/share/classfile/systemDictionary.cpp, line 230]
Event: 3.008 Thread 0x0000026814e78800 Exception <a 'java/lang/ClassNotFoundException'{0x0000000710e50f90}: org/springframework/core/PriorityOrderedCustomizer> (0x0000000710e50f90) thrown at [./src/hotspot/share/classfile/systemDictionary.cpp, line 230]
Event: 3.010 Thread 0x0000026814e78800 Exception <a 'java/lang/ClassNotFoundException'{0x0000000710e66370}: org/springframework/core/OrderedCustomizer> (0x0000000710e66370) thrown at [./src/hotspot/share/classfile/systemDictionary.cpp, line 230]
Event: 3.011 Thread 0x0000026814e78800 Exception <a 'java/lang/ClassNotFoundException'{0x0000000710e7f0f8}: org/springframework/context/ResourceLoaderAwareCustomizer> (0x0000000710e7f0f8) thrown at [./src/hotspot/share/classfile/systemDictionary.cpp, line 230]
Event: 3.013 Thread 0x0000026814e78800 Exception <a 'java/lang/ClassNotFoundException'{0x0000000710e96878}: org/springframework/beans/factory/AwareCustomizer> (0x0000000710e96878) thrown at [./src/hotspot/share/classfile/systemDictionary.cpp, line 230]
Event: 3.015 Thread 0x0000026814e78800 Exception <a 'java/lang/ClassNotFoundException'{0x0000000710d14248}: org/springframework/context/ApplicationStartupAwareCustomizer> (0x0000000710d14248) thrown at [./src/hotspot/share/classfile/systemDictionary.cpp, line 230]
Event: 3.016 Thread 0x0000026814e78800 Exception <a 'java/lang/ClassNotFoundException'{0x0000000710d2bc40}: org/springframework/beans/factory/AwareCustomizer> (0x0000000710d2bc40) thrown at [./src/hotspot/share/classfile/systemDictionary.cpp, line 230]
Event: 3.017 Thread 0x0000026814e78800 Exception <a 'java/lang/ClassNotFoundException'{0x0000000710d45250}: org/springframework/beans/factory/BeanClassLoaderAwareCustomizer> (0x0000000710d45250) thrown at [./src/hotspot/share/classfile/systemDictionary.cpp, line 230]
Event: 3.018 Thread 0x0000026814e78800 Exception <a 'java/lang/ClassNotFoundException'{0x0000000710d5c9e8}: org/springframework/beans/factory/AwareCustomizer> (0x0000000710d5c9e8) thrown at [./src/hotspot/share/classfile/systemDictionary.cpp, line 230]
Event: 3.020 Thread 0x0000026814e78800 Exception <a 'java/lang/ClassNotFoundException'{0x0000000710de82d8}: org/springframework/context/EnvironmentAwareCustomizer> (0x0000000710de82d8) thrown at [./src/hotspot/share/classfile/systemDictionary.cpp, line 230]
Event: 3.024 Thread 0x0000026814e78800 Exception <a 'java/lang/ClassNotFoundException'{0x0000000710dff9e8}: org/springframework/beans/factory/AwareCustomizer> (0x0000000710dff9e8) thrown at [./src/hotspot/share/classfile/systemDictionary.cpp, line 230]
Event: 3.269 Thread 0x0000026814fca000 Exception <a 'java/lang/NoSuchMethodError'{0x00000007125bf738}: 'java.lang.Object java.lang.invoke.DirectMethodHandle$Holder.invokeStaticInit(java.lang.Object, java.lang.Object, java.lang.Object, java.lang.Object, java.lang.Object)'> (0x00000007125bf738) thrown at [./src/hotspot/share/interpreter/linkResolver.cpp, line 773]
Event: 3.281 Thread 0x0000026814fca000 Exception <a 'java/lang/NoSuchMethodError'{0x00000007124ac5f8}: 'java.lang.Object java.lang.invoke.DirectMethodHandle$Holder.invokeSpecial(java.lang.Object, java.lang.Object, int, int, java.lang.Object, java.lang.Object, java.lang.Object)'> (0x00000007124ac5f8) thrown at [./src/hotspot/share/interpreter/linkResolver.cpp, line 773]
Event: 3.281 Thread 0x0000026814fca000 Exception <a 'java/lang/NoSuchMethodError'{0x00000007124afb88}: 'java.lang.Object java.lang.invoke.DelegatingMethodHandle$Holder.reinvoke_L(java.lang.Object, int, int, java.lang.Object, java.lang.Object, java.lang.Object)'> (0x00000007124afb88) thrown at [./src/hotspot/share/interpreter/linkResolver.cpp, line 773]
Event: 3.282 Thread 0x0000026814fca000 Exception <a 'java/lang/NoSuchMethodError'{0x00000007124b3a68}: 'java.lang.Object java.lang.invoke.DirectMethodHandle$Holder.invokeStatic(java.lang.Object, java.lang.Object, java.lang.Object, java.lang.Object, int)'> (0x00000007124b3a68) thrown at [./src/hotspot/share/interpreter/linkResolver.cpp, line 773]
Event: 3.369 Thread 0x00000268141d2000 Exception <a 'java/lang/reflect/InvocationTargetException'{0x0000000711d8d720}> (0x0000000711d8d720) thrown at [./src/hotspot/share/runtime/reflection.cpp, line 1247]
Event: 3.479 Thread 0x0000026814e78800 Exception <a 'java/lang/NoSuchMethodError'{0x000000071259aec0}: 'int java.lang.invoke.DirectMethodHandle$Holder.invokeVirtual(java.lang.Object, java.lang.Object, java.lang.Object)'> (0x000000071259aec0) thrown at [./src/hotspot/share/interpreter/linkResolver.cpp, line 773]
Event: 3.479 Thread 0x0000026814fca000 Exception <a 'java/lang/OutOfMemoryError'{0x00000007125310b0}> (0x00000007125310b0) thrown at [./src/hotspot/share/prims/jni.cpp, line 638]

Events (20 events):
Event: 3.486 Executing VM operation: CGC_Operation done
Event: 3.486 loading class java/io/InterruptedIOException
Event: 3.486 loading class org/springframework/core/env/AbstractEnvironment
Event: 3.486 loading class org/springframework/core/env/AbstractEnvironment done
Event: 3.486 loading class java/io/InterruptedIOException done
Event: 3.487 loading class org/springframework/boot/autoconfigure/BackgroundPreinitializer$JacksonInitializer
Event: 3.487 loading class org/springframework/boot/autoconfigure/BackgroundPreinitializer$JacksonInitializer done
Event: 3.487 loading class com/fasterxml/jackson/datatype/jsr310/JavaTimeModule
Event: 3.487 loading class com/fasterxml/jackson/datatype/jsr310/JavaTimeModule done
Event: 3.488 loading class com/fasterxml/jackson/databind/module/SimpleModule
Event: 3.488 loading class com/fasterxml/jackson/databind/module/SimpleModule done
Event: 3.489 loading class springfox/documentation/swagger2/annotations/EnableSwagger2
Event: 3.489 loading class springfox/documentation/swagger2/annotations/EnableSwagger2 done
Event: 3.489 loading class com/fasterxml/jackson/datatype/jsr310/PackageVersion
Event: 3.489 loading class com/fasterxml/jackson/datatype/jsr310/PackageVersion done
Event: 3.490 loading class com/fasterxml/jackson/core/util/VersionUtil
Event: 3.490 loading class com/fasterxml/jackson/core/util/VersionUtil done
Event: 3.490 loading class springfox/documentation/swagger2/configuration/Swagger2DocumentationConfiguration
Event: 3.490 loading class springfox/documentation/swagger2/configuration/Swagger2DocumentationConfiguration done
Event: 3.491 Executing VM operation: CollectForMetadataAllocation


Dynamic libraries:
0x00007ff6cf470000 - 0x00007ff6cf47d000 	C:\Program Files\Eclipse Adoptium\jdk-11.0.15.10-hotspot\bin\java.exe
0x00007ffff3cf0000 - 0x00007ffff3ee8000 	C:\Windows\SYSTEM32\ntdll.dll
0x00007ffff2340000 - 0x00007ffff23fd000 	C:\Windows\System32\KERNEL32.DLL
0x00007ffff16b0000 - 0x00007ffff197e000 	C:\Windows\System32\KERNELBASE.dll
0x00007ffff1a30000 - 0x00007ffff1b30000 	C:\Windows\System32\ucrtbase.dll
0x00007fffec5e0000 - 0x00007fffec5f5000 	C:\Program Files\Eclipse Adoptium\jdk-11.0.15.10-hotspot\bin\VCRUNTIME140.dll
0x00007fffd03a0000 - 0x00007fffd03b7000 	C:\Program Files\Eclipse Adoptium\jdk-11.0.15.10-hotspot\bin\jli.dll
0x00007ffff1e30000 - 0x00007ffff1fd0000 	C:\Windows\System32\USER32.dll
0x00007fffde0b0000 - 0x00007fffde34a000 	C:\Windows\WinSxS\amd64_microsoft.windows.common-controls_6595b64144ccf1df_6.0.19041.1110_none_60b5254171f9507e\COMCTL32.dll
0x00007ffff1680000 - 0x00007ffff16a2000 	C:\Windows\System32\win32u.dll
0x00007ffff2c50000 - 0x00007ffff2cee000 	C:\Windows\System32\msvcrt.dll
0x00007ffff2a40000 - 0x00007ffff2a6a000 	C:\Windows\System32\GDI32.dll
0x00007ffff1410000 - 0x00007ffff151b000 	C:\Windows\System32\gdi32full.dll
0x00007ffff1cb0000 - 0x00007ffff1d4d000 	C:\Windows\System32\msvcp_win.dll
0x00007ffff2410000 - 0x00007ffff2440000 	C:\Windows\System32\IMM32.DLL
0x00007fff981b0000 - 0x00007fff9824b000 	C:\Program Files\Eclipse Adoptium\jdk-11.0.15.10-hotspot\bin\msvcp140.dll
0x00007fff82bb0000 - 0x00007fff83731000 	C:\Program Files\Eclipse Adoptium\jdk-11.0.15.10-hotspot\bin\server\jvm.dll
0x00007ffff3c00000 - 0x00007ffff3cae000 	C:\Windows\System32\ADVAPI32.dll
0x00007ffff2640000 - 0x00007ffff26dc000 	C:\Windows\System32\sechost.dll
0x00007ffff3660000 - 0x00007ffff3785000 	C:\Windows\System32\RPCRT4.dll
0x00007ffff2400000 - 0x00007ffff2408000 	C:\Windows\System32\PSAPI.DLL
0x00007fffdb250000 - 0x00007fffdb259000 	C:\Windows\SYSTEM32\WSOCK32.dll
0x00007ffff2b30000 - 0x00007ffff2b9b000 	C:\Windows\System32\WS2_32.dll
0x00007fffd7820000 - 0x00007fffd7847000 	C:\Windows\SYSTEM32\WINMM.dll
0x00007fffe1af0000 - 0x00007fffe1afa000 	C:\Windows\SYSTEM32\VERSION.dll
0x00007fffefcb0000 - 0x00007fffefcc2000 	C:\Windows\SYSTEM32\kernel.appcore.dll
0x00007fffd6e60000 - 0x00007fffd6e70000 	C:\Program Files\Eclipse Adoptium\jdk-11.0.15.10-hotspot\bin\verify.dll
0x00007fffef7d0000 - 0x00007fffef9b4000 	C:\Windows\SYSTEM32\DBGHELP.DLL
0x00007fffdf8a0000 - 0x00007fffdf8cc000 	C:\Windows\SYSTEM32\dbgcore.DLL
0x00007ffff1bb0000 - 0x00007ffff1c32000 	C:\Windows\System32\bcryptPrimitives.dll
0x00007fff98310000 - 0x00007fff98338000 	C:\Program Files\Eclipse Adoptium\jdk-11.0.15.10-hotspot\bin\java.dll
0x00007fffd3480000 - 0x00007fffd348a000 	C:\Program Files\Eclipse Adoptium\jdk-11.0.15.10-hotspot\bin\jimage.dll
0x00007fffd6eb0000 - 0x00007fffd6ebe000 	C:\Program Files\Eclipse Adoptium\jdk-11.0.15.10-hotspot\bin\instrument.dll
0x00007fffcd6e0000 - 0x00007fffcd6f8000 	C:\Program Files\Eclipse Adoptium\jdk-11.0.15.10-hotspot\bin\zip.dll
0x00007ffff2f10000 - 0x00007ffff3654000 	C:\Windows\System32\SHELL32.dll
0x00007fffee6d0000 - 0x00007fffeee64000 	C:\Windows\SYSTEM32\windows.storage.dll
0x00007ffff26e0000 - 0x00007ffff2a34000 	C:\Windows\System32\combase.dll
0x00007ffff0da0000 - 0x00007ffff0dd0000 	C:\Windows\SYSTEM32\Wldp.dll
0x00007ffff2530000 - 0x00007ffff25dd000 	C:\Windows\System32\SHCORE.dll
0x00007ffff2440000 - 0x00007ffff2495000 	C:\Windows\System32\shlwapi.dll
0x00007ffff1350000 - 0x00007ffff136f000 	C:\Windows\SYSTEM32\profapi.dll
0x00007fffcd420000 - 0x00007fffcd439000 	C:\Program Files\Eclipse Adoptium\jdk-11.0.15.10-hotspot\bin\net.dll
0x00007fffe15c0000 - 0x00007fffe16ca000 	C:\Windows\SYSTEM32\WINHTTP.dll
0x00007ffff0ae0000 - 0x00007ffff0b4a000 	C:\Windows\system32\mswsock.dll
0x00007fffc36a0000 - 0x00007fffc36b3000 	C:\Program Files\Eclipse Adoptium\jdk-11.0.15.10-hotspot\bin\nio.dll
0x00007fffc0ed0000 - 0x00007fffc0eea000 	C:\Program Files\JetBrains\IntelliJ IDEA 2022.1.3\bin\breakgen64.dll
0x00007ffff0810000 - 0x00007ffff08db000 	C:\Windows\SYSTEM32\DNSAPI.dll
0x00007ffff07c0000 - 0x00007ffff07fb000 	C:\Windows\SYSTEM32\IPHLPAPI.DLL
0x00007ffff2d00000 - 0x00007ffff2d08000 	C:\Windows\System32\NSI.dll
0x00007fffe0e70000 - 0x00007fffe0e7a000 	C:\Windows\System32\rasadhlp.dll
0x00007fffe0f00000 - 0x00007fffe0f80000 	C:\Windows\System32\fwpuclnt.dll
0x00007ffff1b30000 - 0x00007ffff1b57000 	C:\Windows\System32\bcrypt.dll
0x00007fffd6ea0000 - 0x00007fffd6ea9000 	C:\Program Files\Eclipse Adoptium\jdk-11.0.15.10-hotspot\bin\management.dll
0x00007fffc0ec0000 - 0x00007fffc0ecb000 	C:\Program Files\Eclipse Adoptium\jdk-11.0.15.10-hotspot\bin\management_ext.dll
0x00007ffff0cf0000 - 0x00007ffff0d08000 	C:\Windows\SYSTEM32\CRYPTSP.dll
0x00007ffff0440000 - 0x00007ffff0474000 	C:\Windows\system32\rsaenh.dll
0x00007ffff12d0000 - 0x00007ffff12fe000 	C:\Windows\SYSTEM32\USERENV.dll
0x00007ffff0d10000 - 0x00007ffff0d1c000 	C:\Windows\SYSTEM32\CRYPTBASE.dll
0x00007fffe9a10000 - 0x00007fffe9a27000 	C:\Windows\SYSTEM32\dhcpcsvc6.DLL
0x00007fffe99f0000 - 0x00007fffe9a0d000 	C:\Windows\SYSTEM32\dhcpcsvc.DLL
0x00007fff96b40000 - 0x00007fff96b57000 	C:\Windows\system32\napinsp.dll
0x00007fff96b20000 - 0x00007fff96b3b000 	C:\Windows\system32\pnrpnsp.dll
0x00007fffdc7a0000 - 0x00007fffdc7b5000 	C:\Windows\system32\wshbth.dll
0x00007fffec5b0000 - 0x00007fffec5cd000 	C:\Windows\system32\NLAapi.dll
0x00007fff96b00000 - 0x00007fff96b12000 	C:\Windows\System32\winrnr.dll

dbghelp: loaded successfully - version: 4.0.5 - missing functions: none
symbol engine: initialized successfully - sym options: 0x614 - pdb path: .;C:\Program Files\Eclipse Adoptium\jdk-11.0.15.10-hotspot\bin;C:\Windows\SYSTEM32;C:\Windows\WinSxS\amd64_microsoft.windows.common-controls_6595b64144ccf1df_6.0.19041.1110_none_60b5254171f9507e;C:\Program Files\Eclipse Adoptium\jdk-11.0.15.10-hotspot\bin\server;C:\Program Files\JetBrains\IntelliJ IDEA 2022.1.3\bin

VM Arguments:
jvm_args: -XX:TieredStopAtLevel=1 -Xverify:none -Dspring.profiles.active=local -Dspring.output.ansi.enabled=always -Dcom.sun.management.jmxremote -Dspring.jmx.enabled=true -Dspring.liveBeansView.mbeanDomain -Dspring.application.admin.enabled=true -javaagent:C:\Program Files\JetBrains\IntelliJ IDEA 2022.1.3\lib\idea_rt.jar=59131:C:\Program Files\JetBrains\IntelliJ IDEA 2022.1.3\bin -Dfile.encoding=UTF-8 
java_command: com.vncarca.VncarcaApplication
java_class_path (initial): C:\Users\steve\Repos\Vinculacion\VncArcaBackend\target\classes;C:\Users\steve\.m2\repository\org\hibernate\hibernate-core\5.2.12.Final\hibernate-core-5.2.12.Final.jar;C:\Users\steve\.m2\repository\org\jboss\logging\jboss-logging\3.3.0.Final\jboss-logging-3.3.0.Final.jar;C:\Users\steve\.m2\repository\org\hibernate\javax\persistence\hibernate-jpa-2.1-api\1.0.0.Final\hibernate-jpa-2.1-api-1.0.0.Final.jar;C:\Users\steve\.m2\repository\org\javassist\javassist\3.20.0-GA\javassist-3.20.0-GA.jar;C:\Users\steve\.m2\repository\antlr\antlr\2.7.7\antlr-2.7.7.jar;C:\Users\steve\.m2\repository\org\jboss\spec\javax\transaction\jboss-transaction-api_1.2_spec\1.0.1.Final\jboss-transaction-api_1.2_spec-1.0.1.Final.jar;C:\Users\steve\.m2\repository\org\jboss\jandex\2.0.3.Final\jandex-2.0.3.Final.jar;C:\Users\steve\.m2\repository\com\fasterxml\classmate\1.3.0\classmate-1.3.0.jar;C:\Users\steve\.m2\repository\dom4j\dom4j\1.6.1\dom4j-1.6.1.jar;C:\Users\steve\.m2\repository\org\hibernate\common\hibernate-commons-annotations\5.0.1.Final\hibernate-commons-annotations-5.0.1.Final.jar;C:\Users\steve\.m2\repository\org\modelmapper\modelmapper\2.4.5\modelmapper-2.4.5.jar;C:\Users\steve\.m2\repository\org\springframework\boot\spring-boot-starter-websocket\2.7.0\spring-boot-starter-websocket-2.7.0.jar;C:\Users\steve\.m2\repository\org\springframework\spring-websocket\5.3.20\spring-websocket-5.3.20.jar;C:\Users\steve\.m2\repository\org\springframework\spring-messaging\5.3.21\spring-messaging-5.3.21.jar;C:\Users\steve\.m2\repository\org\springframework\spring-beans\5.3.20\spring-beans-5.3.20.jar;C:\Users\steve\.m2\repository\org\springframework\spring-core\5.3.20\spring-core-5.3.20.jar;C:\Users\steve\.m2\repository\org\springframework\spring-jcl\5.3.20\spring-jcl-5.3.20.jar;C:\Users\steve\.m2\repository\org\springframework\security\spring-security-messaging\5.7.2\spring-security-messaging-5.7.2.jar;C:\Users\steve\.m2\repository\org\springframework\security\spring-securi
Launcher Type: SUN_STANDARD

[Global flags]
     bool BytecodeVerificationLocal                = false                                     {product} {command line}
     bool BytecodeVerificationRemote               = false                                     {product} {command line}
     intx CICompilerCount                          = 3                                         {product} {ergonomic}
     uint ConcGCThreads                            = 1                                         {product} {ergonomic}
     uint G1ConcRefinementThreads                  = 4                                         {product} {ergonomic}
   size_t G1HeapRegionSize                         = 1048576                                   {product} {ergonomic}
    uintx GCDrainStackTargetSize                   = 64                                        {product} {ergonomic}
   size_t InitialHeapSize                          = 266338304                                 {product} {ergonomic}
     bool ManagementServer                         = true                                      {product} {command line}
   size_t MarkStackSize                            = 4194304                                   {product} {ergonomic}
   size_t MaxHeapSize                              = 4250927104                                {product} {ergonomic}
   size_t MaxNewSize                               = 2550136832                                {product} {ergonomic}
   size_t MinHeapDeltaBytes                        = 1048576                                   {product} {ergonomic}
    uintx NonNMethodCodeHeapSize                   = 6973028                                {pd product} {ergonomic}
    uintx NonProfiledCodeHeapSize                  = 244685212                              {pd product} {ergonomic}
    uintx ProfiledCodeHeapSize                     = 0                                      {pd product} {ergonomic}
    uintx ReservedCodeCacheSize                    = 251658240                              {pd product} {ergonomic}
     bool SegmentedCodeCache                       = true                                      {product} {ergonomic}
     intx TieredStopAtLevel                        = 1                                         {product} {command line}
     bool UseCompressedClassPointers               = true                                 {lp64_product} {ergonomic}
     bool UseCompressedOops                        = true                                 {lp64_product} {ergonomic}
     bool UseG1GC                                  = true                                      {product} {ergonomic}
     bool UseLargePagesIndividualAllocation        = false                                  {pd product} {ergonomic}

Logging:
Log output configuration:
 #0: stdout all=warning uptime,level,tags
 #1: stderr all=off uptime,level,tags

Environment Variables:
JAVA_HOME=C:\Program Files\Eclipse Adoptium\jdk-11.0.15.10-hotspot\
PATH=C:\Users\steve\AppData\Local\Programs\Python\Python310\Scripts\;C:\Users\steve\AppData\Local\Programs\Python\Python310\;C:\Program Files\Eclipse Adoptium\jdk-11.0.15.10-hotspot\bin;C:\Program Files (x86)\Common Files\Intel\Shared Libraries\redist\intel64_win\compiler;C:\Windows\system32;C:\Windows;C:\Windows\System32\Wbem;C:\Windows\System32\WindowsPowerShell\v1.0\;C:\Program Files\Csound6_x64\bin;C:\Program Files\MySQL\MySQL Server 8.0\bin;C:\apache-maven-3.8.5\bin;C:\Program Files\dotnet\;C:\Program Files\nodejs\;C:\ProgramData\chocolatey\bin;C:\Program Files\Neovim\/bin;C:\Program Files\Git\cmd;C:\Program Files\PowerShell\7\;C:\Program Files\tcc;C:\Users\steve\AppData\Local\Microsoft\WindowsApps;C:\Users\steve\AppData\Local\Programs\Microsoft VS Code\bin;C:\Program Files\MySQL\MySQL Server 8.0\bin;C:\Program Files\JetBrains\IntelliJ IDEA 2022.1.1\bin;C:\Users\steve\AppData\Roaming\npm;C:\Users\steve\AppData\Local\Programs\oh-my-posh\bin;C:\Program Files\JetBrains\WebStorm 2022.1.2\bin;C:\Program Files\Inkscape\bin;C:\Program Files\heroku\bin;C:\Users\steve\AppData\Local\gitkraken\bin;C:\Program Files\JetBrains\IntelliJ IDEA 2022.1.3\bin;
USERNAME=steve
OS=Windows_NT
PROCESSOR_IDENTIFIER=Intel64 Family 6 Model 142 Stepping 9, GenuineIntel



---------------  S Y S T E M  ---------------

OS: Windows 10 , 64 bit Build 19041 (10.0.19041.1806)
OS uptime: 0 days 15:28 hours
Hyper-V role detected

CPU:total 4 (initial active 4) (2 cores per cpu, 2 threads per core) family 6 model 142 stepping 9 microcode 0xec, cmov, cx8, fxsr, mmx, sse, sse2, sse3, ssse3, sse4.1, sse4.2, popcnt, avx, avx2, aes, clmul, erms, 3dnowpref, lzcnt, ht, tsc, tscinvbit, bmi1, bmi2, adx, fma

Memory: 4k page, system-wide physical 16213M (2138M free)
TotalPageFile size 16213M (AvailPageFile size 5M)
current process WorkingSet (physical memory assigned to process): 138M, peak: 138M
current process commit charge ("private bytes"): 367M, peak: 368M

vm_info: OpenJDK 64-Bit Server VM (11.0.15+10) for windows-amd64 JRE (11.0.15+10), built on Apr 19 2022 22:29:44 by "" with unknown MS VC++:1916

END.
